<?xml version="1.0" encoding="UTF-8"?>
<testng-results skipped="0" failed="0" ignored="0" total="1" passed="1">
  <reporter-output>
  </reporter-output>
  <suite name="Default suite" duration-ms="21950" started-at="2017-03-01T06:22:55Z" finished-at="2017-03-01T06:23:17Z">
    <groups>
    </groups>
    <test name="Default test" duration-ms="21950" started-at="2017-03-01T06:22:55Z" finished-at="2017-03-01T06:23:17Z">
      <class name="com.cosmic.cubes.test.regression.Screenshot">
        <test-method status="PASS" signature="screenshot()[pri:0, instance:com.cosmic.cubes.test.regression.Screenshot@ae45eb6]" name="screenshot" duration-ms="21869" started-at="2017-03-01T11:52:55Z" finished-at="2017-03-01T11:53:17Z">
          <reporter-output>
          </reporter-output>
        </test-method> <!-- screenshot -->
      </class> <!-- com.cosmic.cubes.test.regression.Screenshot -->
    </test> <!-- Default test -->
  </suite> <!-- Default suite -->
</testng-results>
